<?xml version="1.0" encoding="UTF-8"?>
<!-- Generated by org.testng.reporters.JUnitXMLReporter -->
<testsuite ignored="0" hostname="Digvijay-SDET-Engg.local" failures="0" tests="2" name="Orange HRM Test Automation" time="85.467" errors="0" timestamp="2024-02-12T11:35:52 IST">
  <testcase classname="com.qa.orange.hrm.orangeTestCases.EmployeePageTest" name="tc_hrm_employee_001" time="3.455"/>
  <testcase classname="com.qa.orange.hrm.orangeTestCases.EmployeePageTest" name="tc_hrm_employee_002" time="4.596"/>
</testsuite> <!-- Orange HRM Test Automation -->
