<?xml version="1.0" encoding="UTF-8"?>
<!-- Generated by org.testng.reporters.JUnitXMLReporter -->
<testsuite ignored="0" hostname="Digvijay-SDET-Engg.local" failures="0" tests="2" name="Orange HRM Test Automation" time="20.717" errors="0" timestamp="2024-02-12T12:50:49 IST">
  <testcase classname="com.qa.orange.hrm.orangeTestCases.EmployeePageTest" name="tc_hrm_employee_001" time="0.022"/>
  <testcase classname="com.qa.orange.hrm.orangeTestCases.EmployeePageTest" name="tc_hrm_employee_002" time="0.044"/>
</testsuite> <!-- Orange HRM Test Automation -->
