<?xml version="1.0" encoding="UTF-8"?>
<testng-results ignored="0" total="2" passed="2" failed="0" skipped="0">
  <reporter-output>
  </reporter-output>
  <suite started-at="2024-02-12T12:50:29 IST" name="Orange Test Automation Suite" finished-at="2024-02-12T12:50:49 IST" duration-ms="20717">
    <groups>
    </groups>
    <test started-at="2024-02-12T12:50:29 IST" name="Orange HRM Test Automation" finished-at="2024-02-12T12:50:49 IST" duration-ms="20717">
      <class name="com.qa.orange.hrm.orangeTestCases.EmployeePageTest">
        <test-method is-config="true" signature="setUp()[pri:0, instance:com.qa.orange.hrm.orangeTestCases.EmployeePageTest@2da3b078]" started-at="2024-02-12T12:50:29 IST" name="setUp" finished-at="2024-02-12T12:50:39 IST" duration-ms="10915" status="PASS">
          <reporter-output>
          </reporter-output>
        </test-method> <!-- setUp -->
        <test-method signature="tc_hrm_employee_001()[pri:0, instance:com.qa.orange.hrm.orangeTestCases.EmployeePageTest@2da3b078]" started-at="2024-02-12T12:50:40 IST" name="tc_hrm_employee_001" finished-at="2024-02-12T12:50:40 IST" duration-ms="22" status="PASS">
          <reporter-output>
          </reporter-output>
        </test-method> <!-- tc_hrm_employee_001 -->
        <test-method is-config="true" signature="tearDown()[pri:0, instance:com.qa.orange.hrm.orangeTestCases.EmployeePageTest@2da3b078]" started-at="2024-02-12T12:50:40 IST" name="tearDown" finished-at="2024-02-12T12:50:40 IST" duration-ms="113" status="PASS">
          <reporter-output>
          </reporter-output>
        </test-method> <!-- tearDown -->
        <test-method is-config="true" signature="setUp()[pri:0, instance:com.qa.orange.hrm.orangeTestCases.EmployeePageTest@2da3b078]" started-at="2024-02-12T12:50:40 IST" name="setUp" finished-at="2024-02-12T12:50:49 IST" duration-ms="9400" status="PASS">
          <reporter-output>
          </reporter-output>
        </test-method> <!-- setUp -->
        <test-method signature="tc_hrm_employee_002()[pri:0, instance:com.qa.orange.hrm.orangeTestCases.EmployeePageTest@2da3b078]" started-at="2024-02-12T12:50:49 IST" name="tc_hrm_employee_002" finished-at="2024-02-12T12:50:49 IST" duration-ms="44" status="PASS">
          <reporter-output>
          </reporter-output>
        </test-method> <!-- tc_hrm_employee_002 -->
        <test-method is-config="true" signature="tearDown()[pri:0, instance:com.qa.orange.hrm.orangeTestCases.EmployeePageTest@2da3b078]" started-at="2024-02-12T12:50:49 IST" name="tearDown" finished-at="2024-02-12T12:50:49 IST" duration-ms="110" status="PASS">
          <reporter-output>
          </reporter-output>
        </test-method> <!-- tearDown -->
      </class> <!-- com.qa.orange.hrm.orangeTestCases.EmployeePageTest -->
    </test> <!-- Orange HRM Test Automation -->
  </suite> <!-- Orange Test Automation Suite -->
</testng-results>
