<?xml version="1.0" encoding="UTF-8"?>
<testsuite xmlns:xsi="http://www.w3.org/2001/XMLSchema-instance" xsi:schemaLocation="https://maven.apache.org/surefire/maven-surefire-plugin/xsd/surefire-test-report.xsd" name="TestSuite" time="21.663" tests="2" errors="0" skipped="0" failures="0">
  <properties>
[...]
</properties>
  <testcase name="tc_hrm_employee_001" classname="com.qa.orange.hrm.orangeTestCases.EmployeePageTest" time="0.012"/>
  <testcase name="tc_hrm_employee_002" classname="com.qa.orange.hrm.orangeTestCases.EmployeePageTest" time="0.038"/>
</testsuite>